mode: set
digital.vasic.skillregistry/executor.go:24.40,30.2 1 1
digital.vasic.skillregistry/executor.go:33.67,36.2 2 1
digital.vasic.skillregistry/executor.go:39.79,42.2 2 1
digital.vasic.skillregistry/executor.go:45.53,49.2 3 1
digital.vasic.skillregistry/executor.go:52.56,56.28 3 1
digital.vasic.skillregistry/executor.go:56.28,57.16 1 1
digital.vasic.skillregistry/executor.go:57.16,59.9 2 1
digital.vasic.skillregistry/executor.go:65.97,66.18 1 1
digital.vasic.skillregistry/executor.go:66.18,68.3 1 1
digital.vasic.skillregistry/executor.go:70.2,70.16 1 1
digital.vasic.skillregistry/executor.go:70.16,72.3 1 1
digital.vasic.skillregistry/executor.go:74.2,74.20 1 1
digital.vasic.skillregistry/executor.go:74.20,76.3 1 1
digital.vasic.skillregistry/executor.go:78.2,78.41 1 1
digital.vasic.skillregistry/executor.go:78.41,80.3 1 1
digital.vasic.skillregistry/executor.go:83.2,84.25 2 1
digital.vasic.skillregistry/executor.go:84.25,86.3 1 1
digital.vasic.skillregistry/executor.go:87.2,87.28 1 1
digital.vasic.skillregistry/executor.go:87.28,89.3 1 0
digital.vasic.skillregistry/executor.go:92.2,92.46 1 1
digital.vasic.skillregistry/executor.go:92.46,94.3 1 1
digital.vasic.skillregistry/executor.go:97.2,100.53 2 1
digital.vasic.skillregistry/executor.go:100.53,102.29 1 0
digital.vasic.skillregistry/executor.go:102.29,104.4 1 0
digital.vasic.skillregistry/executor.go:105.3,105.46 1 0
digital.vasic.skillregistry/executor.go:108.2,108.20 1 1
digital.vasic.skillregistry/executor.go:112.131,113.18 1 1
digital.vasic.skillregistry/executor.go:113.18,115.3 1 1
digital.vasic.skillregistry/executor.go:117.2,126.12 6 1
digital.vasic.skillregistry/executor.go:126.12,128.17 2 1
digital.vasic.skillregistry/executor.go:128.17,131.4 2 0
digital.vasic.skillregistry/executor.go:132.3,132.23 1 1
digital.vasic.skillregistry/executor.go:135.2,135.9 1 1
digital.vasic.skillregistry/executor.go:136.30,137.21 1 1
digital.vasic.skillregistry/executor.go:138.24,139.18 1 0
digital.vasic.skillregistry/executor.go:140.24,150.21 1 1
digital.vasic.skillregistry/executor.go:155.98,158.12 2 1
digital.vasic.skillregistry/executor.go:158.12,160.17 2 1
digital.vasic.skillregistry/executor.go:160.17,171.4 1 0
digital.vasic.skillregistry/executor.go:172.3,173.20 2 1
digital.vasic.skillregistry/executor.go:176.2,176.19 1 1
digital.vasic.skillregistry/executor.go:180.93,189.15 2 1
digital.vasic.skillregistry/executor.go:189.15,193.3 3 1
digital.vasic.skillregistry/executor.go:196.2,197.22 2 1
digital.vasic.skillregistry/executor.go:197.22,200.3 2 1
digital.vasic.skillregistry/executor.go:203.2,204.16 2 1
digital.vasic.skillregistry/executor.go:204.16,207.3 2 0
digital.vasic.skillregistry/executor.go:210.2,211.19 2 1
digital.vasic.skillregistry/executor.go:211.19,213.3 1 1
digital.vasic.skillregistry/executor.go:214.2,214.19 1 1
digital.vasic.skillregistry/executor.go:214.19,216.3 1 1
digital.vasic.skillregistry/executor.go:217.2,221.30 3 1
digital.vasic.skillregistry/executor.go:221.30,223.3 1 0
digital.vasic.skillregistry/executor.go:224.2,224.33 1 1
digital.vasic.skillregistry/executor.go:224.33,226.3 1 0
digital.vasic.skillregistry/executor.go:227.2,227.36 1 1
digital.vasic.skillregistry/executor.go:227.36,229.3 1 0
digital.vasic.skillregistry/executor.go:230.2,237.21 5 1
digital.vasic.skillregistry/executor.go:237.21,245.3 7 1
digital.vasic.skillregistry/executor.go:247.2,250.22 3 1
digital.vasic.skillregistry/executor.go:250.22,252.3 1 0
digital.vasic.skillregistry/executor.go:254.2,254.19 1 1
digital.vasic.skillregistry/executor.go:254.19,255.50 1 1
digital.vasic.skillregistry/executor.go:255.50,257.4 1 1
digital.vasic.skillregistry/executor.go:257.9,259.4 1 1
digital.vasic.skillregistry/executor.go:260.3,260.32 1 1
digital.vasic.skillregistry/executor.go:261.8,263.3 1 1
digital.vasic.skillregistry/executor.go:265.2,265.15 1 1
digital.vasic.skillregistry/executor.go:269.118,271.21 2 1
digital.vasic.skillregistry/executor.go:271.21,273.3 1 0
digital.vasic.skillregistry/executor.go:276.2,277.80 1 1
digital.vasic.skillregistry/executor.go:277.80,279.54 2 1
digital.vasic.skillregistry/executor.go:279.54,281.4 1 0
digital.vasic.skillregistry/executor.go:284.3,285.35 2 1
digital.vasic.skillregistry/executor.go:286.14,287.24 1 1
digital.vasic.skillregistry/executor.go:288.14,289.27 1 0
digital.vasic.skillregistry/executor.go:290.14,291.24 1 0
digital.vasic.skillregistry/executor.go:292.14,294.45 2 0
digital.vasic.skillregistry/executor.go:297.3,297.47 1 1
digital.vasic.skillregistry/executor.go:297.47,299.4 1 1
digital.vasic.skillregistry/executor.go:303.2,304.41 2 1
digital.vasic.skillregistry/executor.go:304.41,307.3 2 1
digital.vasic.skillregistry/executor.go:309.2,309.45 1 1
digital.vasic.skillregistry/executor.go:313.74,319.29 5 1
digital.vasic.skillregistry/executor.go:319.29,320.51 1 1
digital.vasic.skillregistry/executor.go:320.51,322.4 1 1
digital.vasic.skillregistry/executor.go:324.2,324.12 1 1
digital.vasic.skillregistry/executor.go:328.94,335.29 6 1
digital.vasic.skillregistry/executor.go:335.29,336.58 1 1
digital.vasic.skillregistry/executor.go:336.58,338.4 1 0
digital.vasic.skillregistry/executor.go:340.2,340.16 1 1
digital.vasic.skillregistry/executor.go:344.33,346.2 1 1
digital.vasic.skillregistry/executor.go:365.42,369.2 1 1
digital.vasic.skillregistry/executor.go:372.82,377.13 4 1
digital.vasic.skillregistry/executor.go:377.13,380.3 2 1
digital.vasic.skillregistry/executor.go:382.2,385.20 3 1
digital.vasic.skillregistry/executor.go:385.20,387.3 1 1
digital.vasic.skillregistry/executor.go:387.8,387.52 1 1
digital.vasic.skillregistry/executor.go:387.52,389.3 1 1
digital.vasic.skillregistry/executor.go:389.8,391.3 1 1
digital.vasic.skillregistry/executor.go:394.2,394.32 1 1
digital.vasic.skillregistry/executor.go:394.32,396.3 1 1
digital.vasic.skillregistry/executor.go:396.8,401.3 1 1
digital.vasic.skillregistry/executor.go:405.78,410.2 4 1
digital.vasic.skillregistry/executor.go:413.68,418.29 4 1
digital.vasic.skillregistry/executor.go:418.29,420.3 1 1
digital.vasic.skillregistry/executor.go:421.2,421.15 1 1
digital.vasic.skillregistry/executor.go:425.40,429.2 3 1
digital.vasic.skillregistry/executor.go:437.57,439.2 1 1
digital.vasic.skillregistry/executor.go:442.71,444.2 1 1
digital.vasic.skillregistry/executor.go:447.91,448.24 1 1
digital.vasic.skillregistry/executor.go:448.24,450.3 1 1
digital.vasic.skillregistry/executor.go:451.2,451.12 1 1
digital.vasic.skillregistry/loader.go:20.36,28.2 1 1
digital.vasic.skillregistry/loader.go:31.70,32.16 1 1
digital.vasic.skillregistry/loader.go:32.16,34.3 1 1
digital.vasic.skillregistry/loader.go:36.2,37.16 2 1
digital.vasic.skillregistry/loader.go:37.16,38.25 1 1
digital.vasic.skillregistry/loader.go:38.25,40.4 1 1
digital.vasic.skillregistry/loader.go:41.3,41.63 1 0
digital.vasic.skillregistry/loader.go:44.2,44.18 1 1
digital.vasic.skillregistry/loader.go:44.18,46.3 1 1
digital.vasic.skillregistry/loader.go:48.2,49.31 2 1
digital.vasic.skillregistry/loader.go:49.31,51.3 1 1
digital.vasic.skillregistry/loader.go:53.2,54.16 2 1
digital.vasic.skillregistry/loader.go:54.16,56.3 1 0
digital.vasic.skillregistry/loader.go:58.2,59.13 2 1
digital.vasic.skillregistry/loader.go:60.23,61.38 1 1
digital.vasic.skillregistry/loader.go:62.15,63.38 1 1
digital.vasic.skillregistry/loader.go:66.2,66.16 1 1
digital.vasic.skillregistry/loader.go:66.16,68.3 1 0
digital.vasic.skillregistry/loader.go:70.2,71.30 2 1
digital.vasic.skillregistry/loader.go:71.30,73.3 1 0
digital.vasic.skillregistry/loader.go:74.2,74.30 1 1
digital.vasic.skillregistry/loader.go:74.30,76.3 1 0
digital.vasic.skillregistry/loader.go:78.2,78.19 1 1
digital.vasic.skillregistry/loader.go:82.77,83.15 1 1
digital.vasic.skillregistry/loader.go:83.15,85.3 1 1
digital.vasic.skillregistry/loader.go:87.2,88.16 2 1
digital.vasic.skillregistry/loader.go:88.16,89.25 1 1
digital.vasic.skillregistry/loader.go:89.25,91.4 1 1
digital.vasic.skillregistry/loader.go:92.3,92.62 1 0
digital.vasic.skillregistry/loader.go:95.2,95.19 1 1
digital.vasic.skillregistry/loader.go:95.19,97.3 1 1
digital.vasic.skillregistry/loader.go:99.2,102.80 3 1
digital.vasic.skillregistry/loader.go:102.80,103.17 1 1
digital.vasic.skillregistry/loader.go:103.17,106.4 2 0
digital.vasic.skillregistry/loader.go:108.3,108.19 1 1
digital.vasic.skillregistry/loader.go:108.19,110.4 1 1
digital.vasic.skillregistry/loader.go:112.3,113.32 2 1
digital.vasic.skillregistry/loader.go:113.32,115.4 1 0
digital.vasic.skillregistry/loader.go:117.3,118.17 2 1
digital.vasic.skillregistry/loader.go:118.17,121.4 2 0
digital.vasic.skillregistry/loader.go:123.3,124.13 2 1
digital.vasic.skillregistry/loader.go:127.2,127.16 1 1
digital.vasic.skillregistry/loader.go:127.16,129.3 1 0
digital.vasic.skillregistry/loader.go:131.2,131.41 1 1
digital.vasic.skillregistry/loader.go:131.41,133.3 1 0
digital.vasic.skillregistry/loader.go:135.2,135.20 1 1
digital.vasic.skillregistry/loader.go:139.67,140.20 1 1
digital.vasic.skillregistry/loader.go:140.20,142.3 1 1
digital.vasic.skillregistry/loader.go:144.2,145.53 2 1
digital.vasic.skillregistry/loader.go:145.53,147.3 1 1
digital.vasic.skillregistry/loader.go:149.2,149.54 1 1
digital.vasic.skillregistry/loader.go:149.54,151.3 1 1
digital.vasic.skillregistry/loader.go:153.2,153.20 1 1
digital.vasic.skillregistry/loader.go:157.67,158.20 1 1
digital.vasic.skillregistry/loader.go:158.20,160.3 1 1
digital.vasic.skillregistry/loader.go:162.2,163.53 2 1
digital.vasic.skillregistry/loader.go:163.53,165.3 1 1
digital.vasic.skillregistry/loader.go:167.2,167.54 1 1
digital.vasic.skillregistry/loader.go:167.54,169.3 1 0
digital.vasic.skillregistry/loader.go:171.2,171.20 1 1
digital.vasic.skillregistry/loader.go:175.87,176.20 1 1
digital.vasic.skillregistry/loader.go:176.20,178.3 1 0
digital.vasic.skillregistry/loader.go:180.2,181.51 2 1
digital.vasic.skillregistry/loader.go:181.51,183.3 1 0
digital.vasic.skillregistry/loader.go:185.2,185.20 1 1
digital.vasic.skillregistry/loader.go:185.20,187.3 1 1
digital.vasic.skillregistry/loader.go:189.2,189.29 1 1
digital.vasic.skillregistry/loader.go:189.29,191.3 1 1
digital.vasic.skillregistry/loader.go:193.2,193.22 1 1
digital.vasic.skillregistry/loader.go:193.22,195.3 1 1
digital.vasic.skillregistry/loader.go:197.2,197.18 1 1
digital.vasic.skillregistry/loader.go:201.87,202.20 1 1
digital.vasic.skillregistry/loader.go:202.20,204.3 1 1
digital.vasic.skillregistry/loader.go:206.2,207.51 2 1
digital.vasic.skillregistry/loader.go:207.51,209.3 1 0
digital.vasic.skillregistry/loader.go:211.2,211.20 1 1
digital.vasic.skillregistry/loader.go:211.20,213.3 1 0
digital.vasic.skillregistry/loader.go:215.2,215.29 1 1
digital.vasic.skillregistry/loader.go:215.29,217.3 1 0
digital.vasic.skillregistry/loader.go:219.2,219.22 1 1
digital.vasic.skillregistry/loader.go:219.22,221.3 1 1
digital.vasic.skillregistry/loader.go:223.2,223.18 1 1
digital.vasic.skillregistry/loader.go:227.63,228.22 1 1
digital.vasic.skillregistry/loader.go:228.22,230.3 1 1
digital.vasic.skillregistry/loader.go:232.2,232.29 1 1
digital.vasic.skillregistry/loader.go:232.29,234.3 1 0
digital.vasic.skillregistry/loader.go:236.2,236.25 1 1
digital.vasic.skillregistry/loader.go:236.25,238.3 1 1
digital.vasic.skillregistry/loader.go:240.2,240.26 1 1
digital.vasic.skillregistry/loader.go:240.26,242.3 1 1
digital.vasic.skillregistry/loader.go:244.2,244.38 1 1
digital.vasic.skillregistry/loader.go:244.38,246.3 1 1
digital.vasic.skillregistry/loader.go:248.2,248.24 1 1
digital.vasic.skillregistry/loader.go:248.24,250.3 1 1
digital.vasic.skillregistry/loader.go:252.2,252.23 1 1
digital.vasic.skillregistry/loader.go:252.23,254.3 1 1
digital.vasic.skillregistry/loader.go:256.2,256.27 1 1
digital.vasic.skillregistry/loader.go:256.27,258.3 1 1
digital.vasic.skillregistry/loader.go:260.2,260.25 1 1
digital.vasic.skillregistry/loader.go:260.25,262.3 1 1
digital.vasic.skillregistry/loader.go:264.2,264.31 1 1
digital.vasic.skillregistry/loader.go:264.31,266.3 1 1
digital.vasic.skillregistry/loader.go:268.2,268.30 1 1
digital.vasic.skillregistry/loader.go:268.30,270.3 1 1
digital.vasic.skillregistry/loader.go:272.2,272.30 1 1
digital.vasic.skillregistry/loader.go:272.30,274.3 1 1
digital.vasic.skillregistry/loader.go:276.2,276.12 1 1
digital.vasic.skillregistry/loader.go:281.79,285.16 3 1
digital.vasic.skillregistry/loader.go:285.16,286.25 1 1
digital.vasic.skillregistry/loader.go:286.25,288.4 1 1
digital.vasic.skillregistry/loader.go:289.3,289.61 1 0
digital.vasic.skillregistry/loader.go:292.2,292.18 1 1
digital.vasic.skillregistry/loader.go:292.18,294.3 1 1
digital.vasic.skillregistry/loader.go:296.2,297.16 2 1
digital.vasic.skillregistry/loader.go:297.16,299.3 1 0
digital.vasic.skillregistry/loader.go:301.2,302.16 2 1
digital.vasic.skillregistry/loader.go:302.16,304.3 1 0
digital.vasic.skillregistry/loader.go:306.2,307.30 2 1
digital.vasic.skillregistry/loader.go:307.30,309.3 1 0
digital.vasic.skillregistry/loader.go:310.2,310.30 1 1
digital.vasic.skillregistry/loader.go:310.30,312.3 1 0
digital.vasic.skillregistry/loader.go:314.2,314.19 1 1
digital.vasic.skillregistry/loader.go:318.75,322.40 2 1
digital.vasic.skillregistry/loader.go:322.40,324.3 1 1
digital.vasic.skillregistry/loader.go:327.2,328.18 2 1
digital.vasic.skillregistry/loader.go:328.18,330.3 1 0
digital.vasic.skillregistry/loader.go:332.2,335.67 3 1
digital.vasic.skillregistry/loader.go:335.67,337.3 1 1
digital.vasic.skillregistry/loader.go:339.2,339.53 1 1
digital.vasic.skillregistry/loader.go:339.53,341.3 1 0
digital.vasic.skillregistry/loader.go:343.2,343.19 1 1
digital.vasic.skillregistry/loader.go:347.65,349.33 2 1
digital.vasic.skillregistry/loader.go:349.33,351.3 1 1
digital.vasic.skillregistry/loader.go:355.59,357.2 1 1
digital.vasic.skillregistry/manager.go:31.34,37.2 1 1
digital.vasic.skillregistry/manager.go:40.58,41.20 1 1
digital.vasic.skillregistry/manager.go:41.20,43.3 1 1
digital.vasic.skillregistry/manager.go:45.2,52.3 1 1
digital.vasic.skillregistry/manager.go:56.53,57.18 1 1
digital.vasic.skillregistry/manager.go:57.18,59.3 1 1
digital.vasic.skillregistry/manager.go:62.2,62.57 1 1
digital.vasic.skillregistry/manager.go:62.57,64.3 1 1
digital.vasic.skillregistry/manager.go:66.2,70.47 3 1
digital.vasic.skillregistry/manager.go:70.47,72.3 1 1
digital.vasic.skillregistry/manager.go:75.2,76.30 2 1
digital.vasic.skillregistry/manager.go:76.30,78.3 1 1
digital.vasic.skillregistry/manager.go:79.2,82.46 2 1
digital.vasic.skillregistry/manager.go:82.46,84.3 1 0
digital.vasic.skillregistry/manager.go:87.2,92.12 3 1
digital.vasic.skillregistry/manager.go:96.54,97.16 1 1
digital.vasic.skillregistry/manager.go:97.16,99.3 1 1
digital.vasic.skillregistry/manager.go:101.2,106.13 4 1
digital.vasic.skillregistry/manager.go:106.13,108.3 1 1
digital.vasic.skillregistry/manager.go:111.2,111.47 1 1
digital.vasic.skillregistry/manager.go:111.47,113.3 1 0
digital.vasic.skillregistry/manager.go:116.2,121.12 3 1
digital.vasic.skillregistry/manager.go:125.56,126.16 1 1
digital.vasic.skillregistry/manager.go:126.16,128.3 1 1
digital.vasic.skillregistry/manager.go:130.2,134.22 4 1
digital.vasic.skillregistry/manager.go:138.40,143.33 4 1
digital.vasic.skillregistry/manager.go:143.33,145.3 1 1
digital.vasic.skillregistry/manager.go:148.2,148.41 1 1
digital.vasic.skillregistry/manager.go:148.41,150.3 1 1
digital.vasic.skillregistry/manager.go:152.2,152.15 1 1
digital.vasic.skillregistry/manager.go:156.67,161.33 4 1
digital.vasic.skillregistry/manager.go:161.33,162.28 1 1
digital.vasic.skillregistry/manager.go:162.28,164.4 1 1
digital.vasic.skillregistry/manager.go:168.2,168.41 1 1
digital.vasic.skillregistry/manager.go:168.41,170.3 1 1
digital.vasic.skillregistry/manager.go:172.2,172.15 1 1
digital.vasic.skillregistry/manager.go:176.54,177.17 1 1
digital.vasic.skillregistry/manager.go:177.17,179.3 1 1
digital.vasic.skillregistry/manager.go:181.2,186.33 5 1
digital.vasic.skillregistry/manager.go:186.33,187.36 1 1
digital.vasic.skillregistry/manager.go:187.36,189.4 1 1
digital.vasic.skillregistry/manager.go:193.2,193.42 1 1
digital.vasic.skillregistry/manager.go:193.42,195.3 1 0
digital.vasic.skillregistry/manager.go:197.2,197.16 1 1
digital.vasic.skillregistry/manager.go:201.71,203.58 1 1
digital.vasic.skillregistry/manager.go:203.58,205.3 1 1
digital.vasic.skillregistry/manager.go:208.2,208.65 1 1
digital.vasic.skillregistry/manager.go:208.65,210.3 1 1
digital.vasic.skillregistry/manager.go:213.2,213.33 1 1
digital.vasic.skillregistry/manager.go:213.33,214.52 1 1
digital.vasic.skillregistry/manager.go:214.52,216.4 1 0
digital.vasic.skillregistry/manager.go:220.2,220.41 1 1
digital.vasic.skillregistry/manager.go:220.41,221.56 1 0
digital.vasic.skillregistry/manager.go:221.56,223.4 1 0
digital.vasic.skillregistry/manager.go:227.2,227.70 1 1
digital.vasic.skillregistry/manager.go:227.70,229.3 1 0
digital.vasic.skillregistry/manager.go:232.2,232.60 1 1
digital.vasic.skillregistry/manager.go:232.60,234.3 1 0
digital.vasic.skillregistry/manager.go:236.2,236.14 1 1
digital.vasic.skillregistry/manager.go:240.50,242.2 1 1
digital.vasic.skillregistry/manager.go:245.51,247.2 1 1
digital.vasic.skillregistry/manager.go:250.68,251.16 1 1
digital.vasic.skillregistry/manager.go:251.16,253.3 1 0
digital.vasic.skillregistry/manager.go:255.2,259.13 4 1
digital.vasic.skillregistry/manager.go:259.13,261.3 1 1
digital.vasic.skillregistry/manager.go:263.2,264.13 2 1
digital.vasic.skillregistry/manager.go:264.13,266.3 1 1
digital.vasic.skillregistry/manager.go:266.8,268.3 1 1
digital.vasic.skillregistry/manager.go:269.2,272.46 2 1
digital.vasic.skillregistry/manager.go:272.46,274.3 1 0
digital.vasic.skillregistry/manager.go:276.2,276.12 1 1
digital.vasic.skillregistry/manager.go:280.51,281.18 1 1
digital.vasic.skillregistry/manager.go:281.18,283.3 1 0
digital.vasic.skillregistry/manager.go:286.2,286.57 1 1
digital.vasic.skillregistry/manager.go:286.57,288.3 1 0
digital.vasic.skillregistry/manager.go:290.2,295.13 4 1
digital.vasic.skillregistry/manager.go:295.13,297.3 1 1
digital.vasic.skillregistry/manager.go:300.2,304.46 3 1
digital.vasic.skillregistry/manager.go:304.46,306.3 1 0
digital.vasic.skillregistry/manager.go:309.2,315.12 4 1
digital.vasic.skillregistry/manager.go:319.60,321.16 2 1
digital.vasic.skillregistry/manager.go:321.16,323.3 1 1
digital.vasic.skillregistry/manager.go:325.2,326.31 2 1
digital.vasic.skillregistry/manager.go:326.31,328.52 1 1
digital.vasic.skillregistry/manager.go:328.52,331.42 2 0
digital.vasic.skillregistry/manager.go:331.42,333.5 1 0
digital.vasic.skillregistry/manager.go:334.9,336.44 1 1
digital.vasic.skillregistry/manager.go:336.44,338.5 1 0
digital.vasic.skillregistry/manager.go:342.2,342.21 1 1
digital.vasic.skillregistry/manager.go:342.21,344.3 1 0
digital.vasic.skillregistry/manager.go:346.2,346.12 1 1
digital.vasic.skillregistry/manager.go:350.95,352.12 2 1
digital.vasic.skillregistry/manager.go:352.12,354.3 1 1
digital.vasic.skillregistry/manager.go:356.2,357.16 2 1
digital.vasic.skillregistry/manager.go:357.16,359.3 1 0
digital.vasic.skillregistry/manager.go:362.2,365.20 3 1
digital.vasic.skillregistry/manager.go:369.129,371.12 2 1
digital.vasic.skillregistry/manager.go:371.12,373.3 1 0
digital.vasic.skillregistry/manager.go:375.2,375.59 1 1
digital.vasic.skillregistry/manager.go:379.105,381.12 2 1
digital.vasic.skillregistry/manager.go:381.12,383.3 1 1
digital.vasic.skillregistry/manager.go:385.2,385.49 1 1
digital.vasic.skillregistry/manager.go:389.62,390.19 1 1
digital.vasic.skillregistry/manager.go:390.19,392.3 1 0
digital.vasic.skillregistry/manager.go:394.2,399.33 5 1
digital.vasic.skillregistry/manager.go:399.33,400.36 1 1
digital.vasic.skillregistry/manager.go:400.36,401.53 1 1
digital.vasic.skillregistry/manager.go:401.53,403.10 2 1
digital.vasic.skillregistry/manager.go:408.2,408.16 1 1
digital.vasic.skillregistry/manager.go:412.54,413.15 1 1
digital.vasic.skillregistry/manager.go:413.15,415.3 1 0
digital.vasic.skillregistry/manager.go:417.2,422.33 5 1
digital.vasic.skillregistry/manager.go:422.33,423.32 1 1
digital.vasic.skillregistry/manager.go:423.32,424.33 1 1
digital.vasic.skillregistry/manager.go:424.33,426.10 2 1
digital.vasic.skillregistry/manager.go:431.2,431.16 1 1
digital.vasic.skillregistry/manager.go:435.53,439.33 3 1
digital.vasic.skillregistry/manager.go:439.33,440.73 1 1
digital.vasic.skillregistry/manager.go:440.73,442.4 1 1
digital.vasic.skillregistry/manager.go:445.2,445.12 1 1
digital.vasic.skillregistry/manager.go:449.50,457.33 4 1
digital.vasic.skillregistry/manager.go:457.33,460.3 2 1
digital.vasic.skillregistry/manager.go:463.2,463.41 1 1
digital.vasic.skillregistry/manager.go:463.41,466.3 2 1
digital.vasic.skillregistry/manager.go:470.54,478.33 4 1
digital.vasic.skillregistry/manager.go:478.33,481.3 2 0
digital.vasic.skillregistry/manager.go:484.2,484.41 1 1
digital.vasic.skillregistry/manager.go:484.41,487.3 2 0
digital.vasic.skillregistry/manager.go:491.54,493.29 2 1
digital.vasic.skillregistry/manager.go:493.29,494.16 1 1
digital.vasic.skillregistry/manager.go:494.16,496.4 1 1
digital.vasic.skillregistry/manager.go:498.2,498.15 1 1
digital.vasic.skillregistry/manager.go:502.58,515.33 8 1
digital.vasic.skillregistry/manager.go:515.33,518.20 3 1
digital.vasic.skillregistry/manager.go:518.20,520.4 1 1
digital.vasic.skillregistry/manager.go:520.9,522.4 1 1
digital.vasic.skillregistry/manager.go:525.2,530.14 5 1
digital.vasic.skillregistry/manager.go:534.39,536.16 2 1
digital.vasic.skillregistry/manager.go:536.16,538.3 1 0
digital.vasic.skillregistry/manager.go:540.2,548.31 5 1
digital.vasic.skillregistry/manager.go:548.31,551.3 2 1
digital.vasic.skillregistry/manager.go:553.2,553.12 1 1
digital.vasic.skillregistry/registry.go:678.46,680.45 1 1
digital.vasic.skillregistry/registry.go:680.45,682.3 1 1
digital.vasic.skillregistry/registry.go:684.2,684.43 1 1
digital.vasic.skillregistry/registry.go:684.43,685.27 1 1
digital.vasic.skillregistry/registry.go:685.27,687.4 1 1
digital.vasic.skillregistry/registry.go:689.2,689.19 1 1
digital.vasic.skillregistry/registry.go:693.33,695.41 2 1
digital.vasic.skillregistry/registry.go:695.41,697.3 1 1
digital.vasic.skillregistry/registry.go:698.2,698.15 1 1
digital.vasic.skillregistry/registry.go:702.31,704.37 2 1
digital.vasic.skillregistry/registry.go:704.37,706.3 1 1
digital.vasic.skillregistry/registry.go:707.2,707.14 1 1
digital.vasic.skillregistry/registry.go:711.34,712.22 1 1
digital.vasic.skillregistry/registry.go:712.22,714.3 1 1
digital.vasic.skillregistry/registry.go:715.2,715.30 1 1
digital.vasic.skillregistry/registry.go:715.30,717.29 2 1
digital.vasic.skillregistry/registry.go:717.29,719.4 1 1
digital.vasic.skillregistry/registry.go:720.3,720.29 1 1
digital.vasic.skillregistry/registry.go:720.29,722.4 1 1
digital.vasic.skillregistry/registry.go:723.3,723.15 1 1
digital.vasic.skillregistry/registry.go:723.15,725.4 1 1
digital.vasic.skillregistry/registry.go:727.2,727.13 1 1
digital.vasic.skillregistry/registry.go:741.55,743.41 2 1
digital.vasic.skillregistry/registry.go:743.41,744.37 1 1
digital.vasic.skillregistry/registry.go:744.37,745.30 1 1
digital.vasic.skillregistry/registry.go:745.30,747.10 2 1
digital.vasic.skillregistry/registry.go:751.2,751.15 1 1
digital.vasic.skillregistry/registry.go:755.47,757.41 2 1
digital.vasic.skillregistry/registry.go:757.41,758.39 1 1
digital.vasic.skillregistry/registry.go:758.39,759.26 1 1
digital.vasic.skillregistry/registry.go:759.26,761.10 2 1
digital.vasic.skillregistry/registry.go:765.2,765.15 1 1
digital.vasic.skillregistry/storage.go:45.44,52.2 1 1
digital.vasic.skillregistry/storage.go:87.57,88.32 1 1
digital.vasic.skillregistry/storage.go:88.32,90.3 1 1
digital.vasic.skillregistry/storage.go:94.47,95.32 1 1
digital.vasic.skillregistry/storage.go:95.32,97.3 1 1
digital.vasic.skillregistry/storage.go:101.48,102.32 1 1
digital.vasic.skillregistry/storage.go:102.32,104.3 1 1
digital.vasic.skillregistry/storage.go:108.56,109.32 1 1
digital.vasic.skillregistry/storage.go:109.32,111.3 1 1
digital.vasic.skillregistry/storage.go:115.60,116.32 1 1
digital.vasic.skillregistry/storage.go:116.32,118.3 1 1
digital.vasic.skillregistry/storage_memory.go:15.44,19.2 1 1
digital.vasic.skillregistry/storage_memory.go:22.52,23.18 1 1
digital.vasic.skillregistry/storage_memory.go:23.18,25.3 1 1
digital.vasic.skillregistry/storage_memory.go:27.2,32.12 4 1
digital.vasic.skillregistry/storage_memory.go:36.61,37.16 1 1
digital.vasic.skillregistry/storage_memory.go:37.16,39.3 1 1
digital.vasic.skillregistry/storage_memory.go:41.2,45.13 4 1
digital.vasic.skillregistry/storage_memory.go:45.13,47.3 1 1
digital.vasic.skillregistry/storage_memory.go:50.2,50.30 1 1
digital.vasic.skillregistry/storage_memory.go:54.53,55.16 1 1
digital.vasic.skillregistry/storage_memory.go:55.16,57.3 1 1
digital.vasic.skillregistry/storage_memory.go:59.2,62.42 3 1
digital.vasic.skillregistry/storage_memory.go:62.42,64.3 1 1
digital.vasic.skillregistry/storage_memory.go:66.2,67.12 2 1
digital.vasic.skillregistry/storage_memory.go:71.52,76.33 4 1
digital.vasic.skillregistry/storage_memory.go:76.33,78.3 1 1
digital.vasic.skillregistry/storage_memory.go:80.2,80.20 1 1
digital.vasic.skillregistry/storage_memory.go:84.66,85.17 1 1
digital.vasic.skillregistry/storage_memory.go:85.17,87.3 1 1
digital.vasic.skillregistry/storage_memory.go:89.2,94.33 5 1
digital.vasic.skillregistry/storage_memory.go:94.33,95.34 1 1
digital.vasic.skillregistry/storage_memory.go:95.34,97.4 1 1
digital.vasic.skillregistry/storage_memory.go:100.2,100.21 1 1
digital.vasic.skillregistry/storage_memory.go:104.53,105.58 1 1
digital.vasic.skillregistry/storage_memory.go:105.58,107.3 1 1
digital.vasic.skillregistry/storage_memory.go:108.2,108.65 1 1
digital.vasic.skillregistry/storage_memory.go:108.65,110.3 1 1
digital.vasic.skillregistry/storage_memory.go:111.2,111.70 1 1
digital.vasic.skillregistry/storage_memory.go:111.70,113.3 1 1
digital.vasic.skillregistry/storage_memory.go:114.2,114.33 1 1
digital.vasic.skillregistry/storage_memory.go:114.33,115.52 1 1
digital.vasic.skillregistry/storage_memory.go:115.52,117.4 1 0
digital.vasic.skillregistry/storage_memory.go:119.2,119.14 1 1
digital.vasic.skillregistry/storage_memory.go:123.40,124.24 1 1
digital.vasic.skillregistry/storage_memory.go:124.24,126.3 1 1
digital.vasic.skillregistry/storage_memory.go:130.37,131.18 1 1
digital.vasic.skillregistry/storage_memory.go:131.18,133.3 1 1
digital.vasic.skillregistry/storage_memory.go:135.2,150.23 2 1
digital.vasic.skillregistry/storage_memory.go:150.23,153.3 2 1
digital.vasic.skillregistry/storage_memory.go:155.2,155.27 1 1
digital.vasic.skillregistry/storage_memory.go:155.27,158.3 2 1
digital.vasic.skillregistry/storage_memory.go:160.2,160.31 1 1
digital.vasic.skillregistry/storage_memory.go:160.31,163.3 2 1
digital.vasic.skillregistry/storage_memory.go:165.2,165.25 1 1
digital.vasic.skillregistry/storage_memory.go:165.25,167.34 2 1
digital.vasic.skillregistry/storage_memory.go:167.34,169.4 1 1
digital.vasic.skillregistry/storage_memory.go:172.2,172.33 1 1
digital.vasic.skillregistry/storage_memory.go:172.33,175.3 2 1
digital.vasic.skillregistry/storage_memory.go:177.2,177.13 1 1
digital.vasic.skillregistry/storage_memory.go:181.35,185.2 3 1
digital.vasic.skillregistry/storage_memory.go:188.39,192.2 3 1
digital.vasic.skillregistry/storage_memory.go:195.52,200.2 4 1
digital.vasic.skillregistry/storage_postgres.go:20.76,24.2 3 0
digital.vasic.skillregistry/storage_postgres.go:27.84,28.35 1 0
digital.vasic.skillregistry/storage_postgres.go:28.35,30.3 1 0
digital.vasic.skillregistry/storage_postgres.go:32.2,33.16 2 0
digital.vasic.skillregistry/storage_postgres.go:33.16,35.3 1 0
digital.vasic.skillregistry/storage_postgres.go:37.2,37.34 1 0
digital.vasic.skillregistry/storage_postgres.go:37.34,39.3 1 0
digital.vasic.skillregistry/storage_postgres.go:41.2,46.46 2 0
digital.vasic.skillregistry/storage_postgres.go:46.46,48.3 1 0
digital.vasic.skillregistry/storage_postgres.go:50.2,50.21 1 0
digital.vasic.skillregistry/storage_postgres.go:54.47,87.2 3 0
digital.vasic.skillregistry/storage_postgres.go:90.52,95.2 3 0
digital.vasic.skillregistry/storage_postgres.go:98.84,99.18 1 0
digital.vasic.skillregistry/storage_postgres.go:99.18,101.3 1 0
digital.vasic.skillregistry/storage_postgres.go:103.2,104.16 2 0
digital.vasic.skillregistry/storage_postgres.go:104.16,106.3 1 0
digital.vasic.skillregistry/storage_postgres.go:108.2,109.16 2 0
digital.vasic.skillregistry/storage_postgres.go:109.16,111.3 1 0
digital.vasic.skillregistry/storage_postgres.go:113.2,114.16 2 0
digital.vasic.skillregistry/storage_postgres.go:114.16,116.3 1 0
digital.vasic.skillregistry/storage_postgres.go:118.2,119.16 2 0
digital.vasic.skillregistry/storage_postgres.go:119.16,121.3 1 0
digital.vasic.skillregistry/storage_postgres.go:123.2,152.16 3 0
digital.vasic.skillregistry/storage_postgres.go:152.16,154.3 1 0
digital.vasic.skillregistry/storage_postgres.go:156.2,156.12 1 0
digital.vasic.skillregistry/storage_postgres.go:160.61,165.2 3 0
digital.vasic.skillregistry/storage_postgres.go:168.93,188.26 6 0
digital.vasic.skillregistry/storage_postgres.go:188.26,190.3 1 0
digital.vasic.skillregistry/storage_postgres.go:191.2,191.16 1 0
digital.vasic.skillregistry/storage_postgres.go:191.16,193.3 1 0
digital.vasic.skillregistry/storage_postgres.go:196.2,196.62 1 0
digital.vasic.skillregistry/storage_postgres.go:196.62,198.3 1 0
digital.vasic.skillregistry/storage_postgres.go:199.2,199.70 1 0
digital.vasic.skillregistry/storage_postgres.go:199.70,201.3 1 0
digital.vasic.skillregistry/storage_postgres.go:202.2,202.66 1 0
digital.vasic.skillregistry/storage_postgres.go:202.66,204.3 1 0
digital.vasic.skillregistry/storage_postgres.go:205.2,205.70 1 0
digital.vasic.skillregistry/storage_postgres.go:205.70,207.3 1 0
digital.vasic.skillregistry/storage_postgres.go:209.2,209.26 1 0
digital.vasic.skillregistry/storage_postgres.go:209.26,211.3 1 0
digital.vasic.skillregistry/storage_postgres.go:213.2,213.19 1 0
digital.vasic.skillregistry/storage_postgres.go:217.53,222.2 3 0
digital.vasic.skillregistry/storage_postgres.go:225.85,229.16 3 0
digital.vasic.skillregistry/storage_postgres.go:229.16,231.3 1 0
digital.vasic.skillregistry/storage_postgres.go:233.2,234.16 2 0
digital.vasic.skillregistry/storage_postgres.go:234.16,236.3 1 0
digital.vasic.skillregistry/storage_postgres.go:238.2,238.23 1 0
digital.vasic.skillregistry/storage_postgres.go:238.23,240.3 1 0
digital.vasic.skillregistry/storage_postgres.go:242.2,242.12 1 0
digital.vasic.skillregistry/storage_postgres.go:246.52,251.2 3 0
digital.vasic.skillregistry/storage_postgres.go:254.82,264.2 2 0
digital.vasic.skillregistry/storage_postgres.go:267.66,272.2 3 0
digital.vasic.skillregistry/storage_postgres.go:275.98,276.17 1 0
digital.vasic.skillregistry/storage_postgres.go:276.17,278.3 1 0
digital.vasic.skillregistry/storage_postgres.go:281.2,292.62 2 0
digital.vasic.skillregistry/storage_postgres.go:296.113,298.16 2 0
digital.vasic.skillregistry/storage_postgres.go:298.16,300.3 1 0
digital.vasic.skillregistry/storage_postgres.go:301.2,304.18 3 0
digital.vasic.skillregistry/storage_postgres.go:304.18,315.17 5 0
digital.vasic.skillregistry/storage_postgres.go:315.17,317.4 1 0
digital.vasic.skillregistry/storage_postgres.go:320.3,320.63 1 0
digital.vasic.skillregistry/storage_postgres.go:320.63,322.4 1 0
digital.vasic.skillregistry/storage_postgres.go:323.3,323.71 1 0
digital.vasic.skillregistry/storage_postgres.go:323.71,325.4 1 0
digital.vasic.skillregistry/storage_postgres.go:326.3,326.67 1 0
digital.vasic.skillregistry/storage_postgres.go:326.67,328.4 1 0
digital.vasic.skillregistry/storage_postgres.go:329.3,329.71 1 0
digital.vasic.skillregistry/storage_postgres.go:329.71,331.4 1 0
digital.vasic.skillregistry/storage_postgres.go:333.3,333.27 1 0
digital.vasic.skillregistry/storage_postgres.go:333.27,335.4 1 0
digital.vasic.skillregistry/storage_postgres.go:337.3,337.33 1 0
digital.vasic.skillregistry/storage_postgres.go:340.2,340.35 1 0
digital.vasic.skillregistry/storage_postgres.go:340.35,342.3 1 0
digital.vasic.skillregistry/storage_postgres.go:344.2,344.20 1 0
digital.vasic.skillregistry/storage_postgres.go:348.41,350.2 1 0
digital.vasic.skillregistry/storage_postgres.go:353.40,357.2 3 0
digital.vasic.skillregistry/storage_postgres.go:360.70,380.16 4 0
digital.vasic.skillregistry/storage_postgres.go:380.16,382.3 1 0
digital.vasic.skillregistry/storage_postgres.go:384.2,390.8 1 0
digital.vasic.skillregistry/storage_postgres.go:394.72,398.17 3 0
digital.vasic.skillregistry/storage_postgres.go:398.17,400.3 1 0
digital.vasic.skillregistry/storage_postgres.go:402.2,412.55 2 0
digital.vasic.skillregistry/types.go:116.72,124.2 1 1
digital.vasic.skillregistry/types.go:127.103,130.2 2 1
digital.vasic.skillregistry/types.go:133.93,136.2 2 1
digital.vasic.skillregistry/types.go:139.93,142.2 2 1
digital.vasic.skillregistry/types.go:181.78,182.25 1 1
digital.vasic.skillregistry/types.go:182.25,184.3 1 1
digital.vasic.skillregistry/types.go:185.2,185.12 1 1
digital.vasic.skillregistry/types.go:189.98,190.24 1 1
digital.vasic.skillregistry/types.go:190.24,192.3 1 1
digital.vasic.skillregistry/types.go:193.2,193.12 1 1
digital.vasic.skillregistry/types.go:221.51,222.18 1 1
digital.vasic.skillregistry/types.go:225.56,226.14 1 1
digital.vasic.skillregistry/types.go:228.2,228.14 1 1
digital.vasic.skillregistry/types.go:232.40,234.2 1 1
digital.vasic.skillregistry/types.go:237.38,249.2 1 1
digital.vasic.skillregistry/validator.go:17.42,21.2 1 1
digital.vasic.skillregistry/validator.go:24.60,25.18 1 1
digital.vasic.skillregistry/validator.go:25.18,27.3 1 1
digital.vasic.skillregistry/validator.go:29.2,32.22 2 1
digital.vasic.skillregistry/validator.go:32.22,34.3 1 1
digital.vasic.skillregistry/validator.go:34.8,34.39 1 1
digital.vasic.skillregistry/validator.go:34.39,36.3 1 1
digital.vasic.skillregistry/validator.go:38.2,38.29 1 1
digital.vasic.skillregistry/validator.go:38.29,40.3 1 1
digital.vasic.skillregistry/validator.go:42.2,42.25 1 1
digital.vasic.skillregistry/validator.go:42.25,44.3 1 1
digital.vasic.skillregistry/validator.go:44.8,44.45 1 1
digital.vasic.skillregistry/validator.go:44.45,46.3 1 1
digital.vasic.skillregistry/validator.go:48.2,48.38 1 1
digital.vasic.skillregistry/validator.go:48.38,50.3 1 1
digital.vasic.skillregistry/validator.go:52.2,52.28 1 1
digital.vasic.skillregistry/validator.go:52.28,54.3 1 1
digital.vasic.skillregistry/validator.go:57.2,57.33 1 1
digital.vasic.skillregistry/validator.go:57.33,58.25 1 1
digital.vasic.skillregistry/validator.go:58.25,60.4 1 1
digital.vasic.skillregistry/validator.go:64.2,64.41 1 1
digital.vasic.skillregistry/validator.go:64.41,65.20 1 1
digital.vasic.skillregistry/validator.go:65.20,67.4 1 0
digital.vasic.skillregistry/validator.go:70.2,70.21 1 1
digital.vasic.skillregistry/validator.go:70.21,72.3 1 1
digital.vasic.skillregistry/validator.go:74.2,74.12 1 1
digital.vasic.skillregistry/validator.go:78.94,79.18 1 1
digital.vasic.skillregistry/validator.go:79.18,81.3 1 1
digital.vasic.skillregistry/validator.go:83.2,83.34 1 1
digital.vasic.skillregistry/validator.go:83.34,85.3 1 1
digital.vasic.skillregistry/validator.go:87.2,87.21 1 1
digital.vasic.skillregistry/validator.go:87.21,89.3 1 1
digital.vasic.skillregistry/validator.go:91.2,92.41 2 1
digital.vasic.skillregistry/validator.go:92.41,93.44 1 1
digital.vasic.skillregistry/validator.go:93.44,95.4 1 1
digital.vasic.skillregistry/validator.go:98.2,98.26 1 1
digital.vasic.skillregistry/validator.go:98.26,100.3 1 1
digital.vasic.skillregistry/validator.go:103.2,104.103 2 1
digital.vasic.skillregistry/validator.go:104.103,106.3 1 1
digital.vasic.skillregistry/validator.go:108.2,108.12 1 1
digital.vasic.skillregistry/validator.go:117.141,118.19 1 1
digital.vasic.skillregistry/validator.go:118.19,120.3 1 1
digital.vasic.skillregistry/validator.go:122.2,124.35 2 1
digital.vasic.skillregistry/validator.go:124.35,126.13 2 1
digital.vasic.skillregistry/validator.go:126.13,127.12 1 0
digital.vasic.skillregistry/validator.go:130.3,131.29 2 1
digital.vasic.skillregistry/validator.go:131.29,133.4 1 1
digital.vasic.skillregistry/validator.go:135.3,135.107 1 1
digital.vasic.skillregistry/validator.go:135.107,137.4 1 1
digital.vasic.skillregistry/validator.go:140.2,140.12 1 1
digital.vasic.skillregistry/validator.go:144.65,146.16 2 1
digital.vasic.skillregistry/validator.go:146.16,147.25 1 1
digital.vasic.skillregistry/validator.go:147.25,149.4 1 1
digital.vasic.skillregistry/validator.go:150.3,150.58 1 0
digital.vasic.skillregistry/validator.go:153.2,153.18 1 1
digital.vasic.skillregistry/validator.go:153.18,155.3 1 1
digital.vasic.skillregistry/validator.go:157.2,158.16 2 1
digital.vasic.skillregistry/validator.go:158.16,160.3 1 0
digital.vasic.skillregistry/validator.go:162.2,162.20 1 1
digital.vasic.skillregistry/validator.go:162.20,164.3 1 1
digital.vasic.skillregistry/validator.go:166.2,167.13 2 1
digital.vasic.skillregistry/validator.go:168.23,169.41 1 1
digital.vasic.skillregistry/validator.go:170.15,171.41 1 1
digital.vasic.skillregistry/validator.go:172.10,173.59 1 1
digital.vasic.skillregistry/validator.go:176.2,176.16 1 1
digital.vasic.skillregistry/validator.go:176.16,178.3 1 0
digital.vasic.skillregistry/validator.go:180.2,180.12 1 1
digital.vasic.skillregistry/validator.go:184.67,186.16 2 1
digital.vasic.skillregistry/validator.go:186.16,187.25 1 1
digital.vasic.skillregistry/validator.go:187.25,189.4 1 1
digital.vasic.skillregistry/validator.go:190.3,190.57 1 0
digital.vasic.skillregistry/validator.go:193.2,193.19 1 1
digital.vasic.skillregistry/validator.go:193.19,195.3 1 0
digital.vasic.skillregistry/validator.go:198.2,200.16 3 1
digital.vasic.skillregistry/validator.go:200.16,201.25 1 1
digital.vasic.skillregistry/validator.go:201.25,203.4 1 1
digital.vasic.skillregistry/validator.go:204.3,204.56 1 0
digital.vasic.skillregistry/validator.go:208.2,209.16 2 1
digital.vasic.skillregistry/validator.go:209.16,211.3 1 0
digital.vasic.skillregistry/validator.go:213.2,213.12 1 1
digital.vasic.skillregistry/validator.go:217.56,218.16 1 1
digital.vasic.skillregistry/validator.go:218.16,220.3 1 1
digital.vasic.skillregistry/validator.go:223.2,223.56 1 1
digital.vasic.skillregistry/validator.go:223.56,225.3 1 1
digital.vasic.skillregistry/validator.go:228.2,228.71 1 1
digital.vasic.skillregistry/validator.go:228.71,230.3 1 1
digital.vasic.skillregistry/validator.go:233.2,233.20 1 1
digital.vasic.skillregistry/validator.go:233.20,235.3 1 1
digital.vasic.skillregistry/validator.go:237.2,237.13 1 1
digital.vasic.skillregistry/validator.go:241.62,242.19 1 1
digital.vasic.skillregistry/validator.go:242.19,244.3 1 1
digital.vasic.skillregistry/validator.go:247.2,248.38 2 1
digital.vasic.skillregistry/validator.go:248.38,250.3 1 1
digital.vasic.skillregistry/validator.go:253.2,254.41 2 1
digital.vasic.skillregistry/validator.go:258.54,259.15 1 1
digital.vasic.skillregistry/validator.go:259.15,261.3 1 1
digital.vasic.skillregistry/validator.go:264.2,264.58 1 1
digital.vasic.skillregistry/validator.go:264.58,266.3 1 1
digital.vasic.skillregistry/validator.go:269.2,269.19 1 1
digital.vasic.skillregistry/validator.go:269.19,271.3 1 1
digital.vasic.skillregistry/validator.go:273.2,273.13 1 1
digital.vasic.skillregistry/validator.go:286.104,296.47 2 1
digital.vasic.skillregistry/validator.go:296.47,299.3 2 1
digital.vasic.skillregistry/validator.go:302.2,302.21 1 1
digital.vasic.skillregistry/validator.go:302.21,303.70 1 0
digital.vasic.skillregistry/validator.go:303.70,306.4 2 0
digital.vasic.skillregistry/validator.go:310.2,310.28 1 1
digital.vasic.skillregistry/validator.go:310.28,312.23 1 1
digital.vasic.skillregistry/validator.go:312.23,314.35 2 1
digital.vasic.skillregistry/validator.go:314.35,316.5 1 1
digital.vasic.skillregistry/validator.go:317.4,317.49 1 1
digital.vasic.skillregistry/validator.go:317.49,319.5 1 1
digital.vasic.skillregistry/validator.go:323.2,323.30 1 1
digital.vasic.skillregistry/validator.go:323.30,325.3 1 1
digital.vasic.skillregistry/validator.go:327.2,327.24 1 1
digital.vasic.skillregistry/validator.go:327.24,329.3 1 1
digital.vasic.skillregistry/validator.go:331.2,331.15 1 1
