mode: set
dev.helix.agent/skillregistry/executor.go:23.40,32.2 2 1
dev.helix.agent/skillregistry/executor.go:34.72,35.24 1 1
dev.helix.agent/skillregistry/executor.go:35.24,37.3 1 1
dev.helix.agent/skillregistry/executor.go:38.2,44.3 1 1
dev.helix.agent/skillregistry/executor.go:47.98,48.18 1 1
dev.helix.agent/skillregistry/executor.go:48.18,50.3 1 1
dev.helix.agent/skillregistry/executor.go:52.2,52.23 1 1
dev.helix.agent/skillregistry/executor.go:52.23,53.60 1 1
dev.helix.agent/skillregistry/executor.go:53.60,55.4 1 1
dev.helix.agent/skillregistry/executor.go:56.3,56.62 1 1
dev.helix.agent/skillregistry/executor.go:59.2,60.15 2 1
dev.helix.agent/skillregistry/executor.go:60.15,60.33 1 1
dev.helix.agent/skillregistry/executor.go:62.2,65.44 3 1
dev.helix.agent/skillregistry/executor.go:65.44,66.42 1 1
dev.helix.agent/skillregistry/executor.go:66.42,69.4 2 1
dev.helix.agent/skillregistry/executor.go:72.2,73.20 2 1
dev.helix.agent/skillregistry/executor.go:73.20,76.3 2 1
dev.helix.agent/skillregistry/executor.go:78.2,79.16 2 1
dev.helix.agent/skillregistry/executor.go:79.16,82.3 2 1
dev.helix.agent/skillregistry/executor.go:82.8,82.30 1 1
dev.helix.agent/skillregistry/executor.go:82.30,86.3 3 1
dev.helix.agent/skillregistry/executor.go:86.8,89.3 2 1
dev.helix.agent/skillregistry/executor.go:91.2,91.45 1 1
dev.helix.agent/skillregistry/executor.go:91.45,92.50 1 1
dev.helix.agent/skillregistry/executor.go:92.50,94.4 1 1
dev.helix.agent/skillregistry/executor.go:97.2,97.20 1 1
dev.helix.agent/skillregistry/executor.go:100.132,101.18 1 1
dev.helix.agent/skillregistry/executor.go:101.18,103.3 1 1
dev.helix.agent/skillregistry/executor.go:105.2,111.12 5 1
dev.helix.agent/skillregistry/executor.go:111.12,113.17 2 1
dev.helix.agent/skillregistry/executor.go:113.17,116.4 2 0
dev.helix.agent/skillregistry/executor.go:117.3,117.23 1 1
dev.helix.agent/skillregistry/executor.go:120.2,120.9 1 1
dev.helix.agent/skillregistry/executor.go:121.30,122.21 1 1
dev.helix.agent/skillregistry/executor.go:123.24,124.18 1 0
dev.helix.agent/skillregistry/executor.go:125.31,128.44 3 1
dev.helix.agent/skillregistry/executor.go:132.84,136.2 3 1
dev.helix.agent/skillregistry/executor.go:138.64,142.2 3 1
dev.helix.agent/skillregistry/executor.go:144.66,148.2 3 1
dev.helix.agent/skillregistry/executor.go:150.67,154.2 3 1
dev.helix.agent/skillregistry/executor.go:156.51,160.2 3 1
dev.helix.agent/skillregistry/executor.go:162.52,166.2 3 1
dev.helix.agent/skillregistry/executor.go:168.72,172.37 3 1
dev.helix.agent/skillregistry/executor.go:172.37,174.3 1 1
dev.helix.agent/skillregistry/executor.go:176.2,176.49 1 1
dev.helix.agent/skillregistry/executor.go:176.49,178.3 1 1
dev.helix.agent/skillregistry/executor.go:180.2,180.31 1 1
dev.helix.agent/skillregistry/executor.go:183.105,189.25 4 1
dev.helix.agent/skillregistry/executor.go:189.25,191.3 1 1
dev.helix.agent/skillregistry/executor.go:193.2,201.20 3 1
dev.helix.agent/skillregistry/executor.go:204.92,205.29 1 1
dev.helix.agent/skillregistry/executor.go:205.29,207.3 1 0
dev.helix.agent/skillregistry/executor.go:209.2,209.52 1 1
dev.helix.agent/skillregistry/executor.go:209.52,210.21 1 1
dev.helix.agent/skillregistry/executor.go:210.21,211.40 1 1
dev.helix.agent/skillregistry/executor.go:211.40,212.29 1 1
dev.helix.agent/skillregistry/executor.go:212.29,214.6 1 1
dev.helix.agent/skillregistry/executor.go:219.2,219.12 1 1
dev.helix.agent/skillregistry/executor.go:222.53,226.14 3 1
dev.helix.agent/skillregistry/executor.go:226.14,228.3 1 1
dev.helix.agent/skillregistry/executor.go:230.2,231.41 2 1
dev.helix.agent/skillregistry/executor.go:234.69,244.2 3 1
dev.helix.agent/skillregistry/executor.go:246.74,248.23 2 1
dev.helix.agent/skillregistry/executor.go:248.23,250.3 1 1
dev.helix.agent/skillregistry/executor.go:251.2,251.23 1 1
dev.helix.agent/skillregistry/executor.go:251.23,253.3 1 1
dev.helix.agent/skillregistry/executor.go:254.2,254.15 1 1
dev.helix.agent/skillregistry/executor.go:257.59,258.62 1 1
dev.helix.agent/skillregistry/executor.go:258.62,259.20 1 1
dev.helix.agent/skillregistry/executor.go:259.20,261.4 1 1
dev.helix.agent/skillregistry/executor.go:262.3,262.13 1 1
dev.helix.agent/skillregistry/executor.go:266.43,267.62 1 1
dev.helix.agent/skillregistry/executor.go:267.62,268.30 1 1
dev.helix.agent/skillregistry/executor.go:268.30,270.4 1 1
dev.helix.agent/skillregistry/executor.go:271.3,271.13 1 1
dev.helix.agent/skillregistry/loader.go:18.26,22.2 1 1
dev.helix.agent/skillregistry/loader.go:24.65,26.16 2 1
dev.helix.agent/skillregistry/loader.go:26.16,28.3 1 1
dev.helix.agent/skillregistry/loader.go:30.2,30.18 1 1
dev.helix.agent/skillregistry/loader.go:30.18,32.47 2 1
dev.helix.agent/skillregistry/loader.go:32.47,34.4 1 1
dev.helix.agent/skillregistry/loader.go:35.3,35.74 1 1
dev.helix.agent/skillregistry/loader.go:38.2,39.13 2 1
dev.helix.agent/skillregistry/loader.go:40.13,41.39 1 1
dev.helix.agent/skillregistry/loader.go:42.23,43.35 1 1
dev.helix.agent/skillregistry/loader.go:44.15,45.35 1 1
dev.helix.agent/skillregistry/loader.go:46.10,47.62 1 1
dev.helix.agent/skillregistry/loader.go:51.72,53.16 2 1
dev.helix.agent/skillregistry/loader.go:53.16,55.3 1 1
dev.helix.agent/skillregistry/loader.go:57.2,60.32 3 1
dev.helix.agent/skillregistry/loader.go:60.32,61.20 1 1
dev.helix.agent/skillregistry/loader.go:61.20,64.18 3 1
dev.helix.agent/skillregistry/loader.go:64.18,66.13 2 0
dev.helix.agent/skillregistry/loader.go:68.4,68.34 1 1
dev.helix.agent/skillregistry/loader.go:69.9,71.33 2 1
dev.helix.agent/skillregistry/loader.go:71.33,72.13 1 1
dev.helix.agent/skillregistry/loader.go:75.4,77.18 3 1
dev.helix.agent/skillregistry/loader.go:77.18,79.13 2 0
dev.helix.agent/skillregistry/loader.go:81.4,81.34 1 1
dev.helix.agent/skillregistry/loader.go:85.2,85.39 1 1
dev.helix.agent/skillregistry/loader.go:85.39,87.3 1 0
dev.helix.agent/skillregistry/loader.go:89.2,89.20 1 1
dev.helix.agent/skillregistry/loader.go:92.65,94.16 2 1
dev.helix.agent/skillregistry/loader.go:94.16,96.3 1 1
dev.helix.agent/skillregistry/loader.go:98.2,99.52 2 1
dev.helix.agent/skillregistry/loader.go:99.52,101.3 1 1
dev.helix.agent/skillregistry/loader.go:103.2,105.30 3 1
dev.helix.agent/skillregistry/loader.go:105.30,107.3 1 1
dev.helix.agent/skillregistry/loader.go:109.2,109.20 1 1
dev.helix.agent/skillregistry/loader.go:109.20,111.3 1 1
dev.helix.agent/skillregistry/loader.go:113.2,113.19 1 1
dev.helix.agent/skillregistry/loader.go:116.65,118.16 2 1
dev.helix.agent/skillregistry/loader.go:118.16,120.3 1 0
dev.helix.agent/skillregistry/loader.go:122.2,123.52 2 1
dev.helix.agent/skillregistry/loader.go:123.52,125.3 1 1
dev.helix.agent/skillregistry/loader.go:127.2,129.30 3 1
dev.helix.agent/skillregistry/loader.go:129.30,131.3 1 1
dev.helix.agent/skillregistry/loader.go:133.2,133.20 1 1
dev.helix.agent/skillregistry/loader.go:133.20,135.3 1 1
dev.helix.agent/skillregistry/loader.go:137.2,137.19 1 1
dev.helix.agent/skillregistry/loader.go:140.69,142.16 2 1
dev.helix.agent/skillregistry/loader.go:142.16,144.3 1 0
dev.helix.agent/skillregistry/loader.go:146.2,149.16 3 1
dev.helix.agent/skillregistry/loader.go:149.16,151.3 1 0
dev.helix.agent/skillregistry/loader.go:153.2,154.67 2 1
dev.helix.agent/skillregistry/loader.go:154.67,156.3 1 0
dev.helix.agent/skillregistry/loader.go:158.2,160.30 3 1
dev.helix.agent/skillregistry/loader.go:160.30,162.3 1 1
dev.helix.agent/skillregistry/loader.go:164.2,164.20 1 1
dev.helix.agent/skillregistry/loader.go:164.20,166.3 1 1
dev.helix.agent/skillregistry/loader.go:168.2,168.27 1 1
dev.helix.agent/skillregistry/loader.go:168.27,170.3 1 1
dev.helix.agent/skillregistry/loader.go:171.2,173.19 2 1
dev.helix.agent/skillregistry/loader.go:176.53,177.44 1 1
dev.helix.agent/skillregistry/loader.go:177.44,178.20 1 1
dev.helix.agent/skillregistry/loader.go:178.20,180.4 1 1
dev.helix.agent/skillregistry/loader.go:182.2,182.21 1 1
dev.helix.agent/skillregistry/loader.go:185.65,186.40 1 1
dev.helix.agent/skillregistry/loader.go:186.40,188.3 1 1
dev.helix.agent/skillregistry/loader.go:190.2,191.20 2 1
dev.helix.agent/skillregistry/loader.go:191.20,193.3 1 1
dev.helix.agent/skillregistry/loader.go:195.2,198.31 3 1
dev.helix.agent/skillregistry/loader.go:201.45,208.23 6 1
dev.helix.agent/skillregistry/loader.go:208.23,209.67 1 1
dev.helix.agent/skillregistry/loader.go:209.67,211.4 1 1
dev.helix.agent/skillregistry/loader.go:214.2,214.24 1 1
dev.helix.agent/skillregistry/loader.go:217.62,219.52 2 1
dev.helix.agent/skillregistry/loader.go:219.52,221.3 1 1
dev.helix.agent/skillregistry/loader.go:223.2,224.30 2 1
dev.helix.agent/skillregistry/loader.go:224.30,226.3 1 1
dev.helix.agent/skillregistry/loader.go:228.2,228.20 1 1
dev.helix.agent/skillregistry/loader.go:228.20,230.3 1 1
dev.helix.agent/skillregistry/loader.go:232.2,232.19 1 1
dev.helix.agent/skillregistry/loader.go:235.62,237.52 2 1
dev.helix.agent/skillregistry/loader.go:237.52,239.3 1 1
dev.helix.agent/skillregistry/loader.go:241.2,242.30 2 1
dev.helix.agent/skillregistry/loader.go:242.30,244.3 1 1
dev.helix.agent/skillregistry/loader.go:246.2,246.20 1 1
dev.helix.agent/skillregistry/loader.go:246.20,248.3 1 1
dev.helix.agent/skillregistry/loader.go:250.2,250.19 1 1
dev.helix.agent/skillregistry/loader.go:253.72,256.85 2 1
dev.helix.agent/skillregistry/loader.go:256.85,257.17 1 1
dev.helix.agent/skillregistry/loader.go:257.17,259.4 1 1
dev.helix.agent/skillregistry/loader.go:261.3,261.19 1 1
dev.helix.agent/skillregistry/loader.go:261.19,262.89 1 1
dev.helix.agent/skillregistry/loader.go:262.89,264.5 1 1
dev.helix.agent/skillregistry/loader.go:265.4,265.14 1 1
dev.helix.agent/skillregistry/loader.go:268.3,268.32 1 1
dev.helix.agent/skillregistry/loader.go:268.32,270.18 2 1
dev.helix.agent/skillregistry/loader.go:270.18,272.5 1 0
dev.helix.agent/skillregistry/loader.go:273.4,273.34 1 1
dev.helix.agent/skillregistry/loader.go:276.3,276.13 1 1
dev.helix.agent/skillregistry/loader.go:279.2,279.16 1 1
dev.helix.agent/skillregistry/loader.go:279.16,281.3 1 1
dev.helix.agent/skillregistry/loader.go:283.2,283.20 1 1
dev.helix.agent/skillregistry/manager.go:23.58,24.20 1 1
dev.helix.agent/skillregistry/manager.go:24.20,26.3 1 1
dev.helix.agent/skillregistry/manager.go:28.2,35.3 1 1
dev.helix.agent/skillregistry/manager.go:38.54,39.18 1 1
dev.helix.agent/skillregistry/manager.go:39.18,41.3 1 1
dev.helix.agent/skillregistry/manager.go:43.2,43.58 1 1
dev.helix.agent/skillregistry/manager.go:43.58,45.3 1 1
dev.helix.agent/skillregistry/manager.go:47.2,50.46 3 1
dev.helix.agent/skillregistry/manager.go:50.46,52.3 1 1
dev.helix.agent/skillregistry/manager.go:54.2,54.81 1 1
dev.helix.agent/skillregistry/manager.go:54.81,56.3 1 1
dev.helix.agent/skillregistry/manager.go:58.2,59.30 2 1
dev.helix.agent/skillregistry/manager.go:59.30,61.3 1 1
dev.helix.agent/skillregistry/manager.go:63.2,63.24 1 1
dev.helix.agent/skillregistry/manager.go:63.24,65.3 1 1
dev.helix.agent/skillregistry/manager.go:67.2,69.69 2 1
dev.helix.agent/skillregistry/manager.go:69.69,71.3 1 0
dev.helix.agent/skillregistry/manager.go:73.2,78.12 3 1
dev.helix.agent/skillregistry/manager.go:81.58,86.13 4 1
dev.helix.agent/skillregistry/manager.go:86.13,88.3 1 1
dev.helix.agent/skillregistry/manager.go:90.2,90.31 1 1
dev.helix.agent/skillregistry/manager.go:90.31,91.26 1 1
dev.helix.agent/skillregistry/manager.go:91.26,92.50 1 1
dev.helix.agent/skillregistry/manager.go:92.50,93.23 1 1
dev.helix.agent/skillregistry/manager.go:93.23,95.6 1 1
dev.helix.agent/skillregistry/manager.go:100.2,100.73 1 1
dev.helix.agent/skillregistry/manager.go:100.73,102.3 1 0
dev.helix.agent/skillregistry/manager.go:104.2,107.12 3 1
dev.helix.agent/skillregistry/manager.go:110.61,115.13 4 1
dev.helix.agent/skillregistry/manager.go:115.13,117.3 1 1
dev.helix.agent/skillregistry/manager.go:119.2,119.19 1 1
dev.helix.agent/skillregistry/manager.go:122.41,127.34 4 1
dev.helix.agent/skillregistry/manager.go:127.34,129.3 1 1
dev.helix.agent/skillregistry/manager.go:131.2,131.41 1 1
dev.helix.agent/skillregistry/manager.go:131.41,133.3 1 1
dev.helix.agent/skillregistry/manager.go:135.2,135.15 1 1
dev.helix.agent/skillregistry/manager.go:138.73,143.34 4 1
dev.helix.agent/skillregistry/manager.go:143.34,144.33 1 1
dev.helix.agent/skillregistry/manager.go:144.33,146.4 1 1
dev.helix.agent/skillregistry/manager.go:149.2,149.41 1 1
dev.helix.agent/skillregistry/manager.go:149.41,151.3 1 0
dev.helix.agent/skillregistry/manager.go:153.2,153.15 1 1
dev.helix.agent/skillregistry/manager.go:156.55,163.34 5 1
dev.helix.agent/skillregistry/manager.go:163.34,166.22 1 1
dev.helix.agent/skillregistry/manager.go:166.22,168.4 1 1
dev.helix.agent/skillregistry/manager.go:171.2,171.41 1 1
dev.helix.agent/skillregistry/manager.go:171.41,173.3 1 0
dev.helix.agent/skillregistry/manager.go:175.2,175.15 1 1
dev.helix.agent/skillregistry/manager.go:178.62,183.34 4 1
dev.helix.agent/skillregistry/manager.go:183.34,184.28 1 1
dev.helix.agent/skillregistry/manager.go:184.28,186.4 1 1
dev.helix.agent/skillregistry/manager.go:189.2,189.41 1 1
dev.helix.agent/skillregistry/manager.go:189.41,191.3 1 0
dev.helix.agent/skillregistry/manager.go:193.2,193.15 1 1
dev.helix.agent/skillregistry/manager.go:196.54,201.13 4 1
dev.helix.agent/skillregistry/manager.go:201.13,203.3 1 1
dev.helix.agent/skillregistry/manager.go:205.2,209.53 4 1
dev.helix.agent/skillregistry/manager.go:212.55,217.13 4 1
dev.helix.agent/skillregistry/manager.go:217.13,219.3 1 1
dev.helix.agent/skillregistry/manager.go:221.2,225.53 4 1
dev.helix.agent/skillregistry/manager.go:228.99,230.16 2 1
dev.helix.agent/skillregistry/manager.go:230.16,232.3 1 1
dev.helix.agent/skillregistry/manager.go:234.2,234.40 1 1
dev.helix.agent/skillregistry/manager.go:237.133,239.16 2 1
dev.helix.agent/skillregistry/manager.go:239.16,241.3 1 1
dev.helix.agent/skillregistry/manager.go:243.2,243.60 1 1
dev.helix.agent/skillregistry/manager.go:246.61,248.16 2 1
dev.helix.agent/skillregistry/manager.go:248.16,250.3 1 0
dev.helix.agent/skillregistry/manager.go:252.2,252.31 1 1
dev.helix.agent/skillregistry/manager.go:252.31,253.44 1 1
dev.helix.agent/skillregistry/manager.go:253.44,254.46 1 1
dev.helix.agent/skillregistry/manager.go:254.46,256.5 1 1
dev.helix.agent/skillregistry/manager.go:260.2,260.12 1 1
dev.helix.agent/skillregistry/manager.go:263.57,265.16 2 1
dev.helix.agent/skillregistry/manager.go:265.16,267.3 1 1
dev.helix.agent/skillregistry/manager.go:269.2,269.27 1 1
dev.helix.agent/skillregistry/manager.go:272.75,277.13 4 1
dev.helix.agent/skillregistry/manager.go:277.13,279.3 1 1
dev.helix.agent/skillregistry/manager.go:281.2,281.21 1 1
dev.helix.agent/skillregistry/manager.go:284.66,289.31 4 1
dev.helix.agent/skillregistry/manager.go:289.31,291.3 1 1
dev.helix.agent/skillregistry/manager.go:293.2,293.15 1 1
dev.helix.agent/skillregistry/manager.go:296.57,297.18 1 1
dev.helix.agent/skillregistry/manager.go:297.18,299.3 1 1
dev.helix.agent/skillregistry/manager.go:301.2,305.13 4 1
dev.helix.agent/skillregistry/manager.go:305.13,307.3 1 1
dev.helix.agent/skillregistry/manager.go:309.2,309.58 1 1
dev.helix.agent/skillregistry/manager.go:309.58,311.3 1 1
dev.helix.agent/skillregistry/manager.go:313.2,316.69 3 1
dev.helix.agent/skillregistry/manager.go:316.69,318.3 1 0
dev.helix.agent/skillregistry/manager.go:320.2,322.12 2 1
dev.helix.agent/skillregistry/manager.go:325.37,330.2 3 1
dev.helix.agent/skillregistry/manager.go:332.43,337.34 4 1
dev.helix.agent/skillregistry/manager.go:337.34,338.23 1 1
dev.helix.agent/skillregistry/manager.go:338.23,340.4 1 1
dev.helix.agent/skillregistry/manager.go:343.2,343.14 1 1
dev.helix.agent/skillregistry/manager.go:346.57,351.34 4 1
dev.helix.agent/skillregistry/manager.go:351.34,352.27 1 1
dev.helix.agent/skillregistry/manager.go:352.27,354.4 1 1
dev.helix.agent/skillregistry/manager.go:357.2,358.30 2 1
dev.helix.agent/skillregistry/manager.go:358.30,360.3 1 1
dev.helix.agent/skillregistry/manager.go:362.2,362.41 1 1
dev.helix.agent/skillregistry/manager.go:362.41,364.3 1 1
dev.helix.agent/skillregistry/manager.go:366.2,366.15 1 1
dev.helix.agent/skillregistry/manager.go:369.44,374.34 4 1
dev.helix.agent/skillregistry/manager.go:374.34,375.34 1 1
dev.helix.agent/skillregistry/manager.go:375.34,377.4 1 1
dev.helix.agent/skillregistry/manager.go:380.2,381.24 2 1
dev.helix.agent/skillregistry/manager.go:381.24,383.3 1 1
dev.helix.agent/skillregistry/manager.go:385.2,387.15 2 1
dev.helix.agent/skillregistry/manager.go:390.83,392.2 1 1
dev.helix.agent/skillregistry/manager.go:394.65,396.2 1 0
dev.helix.agent/skillregistry/manager.go:398.66,400.2 1 0
dev.helix.agent/skillregistry/manager.go:402.58,406.2 3 1
dev.helix.agent/skillregistry/manager.go:408.51,412.2 3 1
dev.helix.agent/skillregistry/manager.go:414.55,416.16 2 1
dev.helix.agent/skillregistry/manager.go:416.16,418.3 1 0
dev.helix.agent/skillregistry/manager.go:420.2,423.31 3 1
dev.helix.agent/skillregistry/manager.go:423.31,428.3 2 1
dev.helix.agent/skillregistry/manager.go:430.2,430.12 1 1
dev.helix.agent/skillregistry/registry.go:678.46,680.45 1 1
dev.helix.agent/skillregistry/registry.go:680.45,682.3 1 1
dev.helix.agent/skillregistry/registry.go:684.2,684.43 1 1
dev.helix.agent/skillregistry/registry.go:684.43,685.27 1 1
dev.helix.agent/skillregistry/registry.go:685.27,687.4 1 1
dev.helix.agent/skillregistry/registry.go:689.2,689.19 1 1
dev.helix.agent/skillregistry/registry.go:693.33,695.41 2 1
dev.helix.agent/skillregistry/registry.go:695.41,697.3 1 1
dev.helix.agent/skillregistry/registry.go:698.2,698.15 1 1
dev.helix.agent/skillregistry/registry.go:702.31,704.37 2 1
dev.helix.agent/skillregistry/registry.go:704.37,706.3 1 1
dev.helix.agent/skillregistry/registry.go:707.2,707.14 1 1
dev.helix.agent/skillregistry/registry.go:711.34,712.22 1 1
dev.helix.agent/skillregistry/registry.go:712.22,714.3 1 1
dev.helix.agent/skillregistry/registry.go:715.2,715.30 1 1
dev.helix.agent/skillregistry/registry.go:715.30,717.29 2 1
dev.helix.agent/skillregistry/registry.go:717.29,719.4 1 1
dev.helix.agent/skillregistry/registry.go:720.3,720.29 1 1
dev.helix.agent/skillregistry/registry.go:720.29,722.4 1 1
dev.helix.agent/skillregistry/registry.go:723.3,723.15 1 1
dev.helix.agent/skillregistry/registry.go:723.15,725.4 1 1
dev.helix.agent/skillregistry/registry.go:727.2,727.13 1 1
dev.helix.agent/skillregistry/registry.go:741.55,743.41 2 1
dev.helix.agent/skillregistry/registry.go:743.41,744.37 1 1
dev.helix.agent/skillregistry/registry.go:744.37,745.30 1 1
dev.helix.agent/skillregistry/registry.go:745.30,747.10 2 1
dev.helix.agent/skillregistry/registry.go:751.2,751.15 1 1
dev.helix.agent/skillregistry/registry.go:755.47,757.41 2 1
dev.helix.agent/skillregistry/registry.go:757.41,758.39 1 1
dev.helix.agent/skillregistry/registry.go:758.39,759.26 1 1
dev.helix.agent/skillregistry/registry.go:759.26,761.10 2 1
dev.helix.agent/skillregistry/registry.go:765.2,765.15 1 1
dev.helix.agent/skillregistry/storage.go:24.62,25.21 1 1
dev.helix.agent/skillregistry/storage.go:26.16,27.35 1 1
dev.helix.agent/skillregistry/storage.go:28.32,29.36 1 0
dev.helix.agent/skillregistry/storage.go:30.10,31.35 1 1
dev.helix.agent/skillregistry/storage_memory.go:15.44,19.2 1 1
dev.helix.agent/skillregistry/storage_memory.go:21.73,22.18 1 1
dev.helix.agent/skillregistry/storage_memory.go:22.18,24.3 1 1
dev.helix.agent/skillregistry/storage_memory.go:26.2,26.9 1 1
dev.helix.agent/skillregistry/storage_memory.go:27.20,28.19 1 1
dev.helix.agent/skillregistry/storage_memory.go:29.10,29.10 0 1
dev.helix.agent/skillregistry/storage_memory.go:32.2,39.12 6 1
dev.helix.agent/skillregistry/storage_memory.go:42.84,43.9 1 1
dev.helix.agent/skillregistry/storage_memory.go:44.20,45.24 1 1
dev.helix.agent/skillregistry/storage_memory.go:46.10,46.10 0 1
dev.helix.agent/skillregistry/storage_memory.go:49.2,53.13 4 1
dev.helix.agent/skillregistry/storage_memory.go:53.13,55.3 1 1
dev.helix.agent/skillregistry/storage_memory.go:57.2,58.24 2 1
dev.helix.agent/skillregistry/storage_memory.go:61.77,62.9 1 1
dev.helix.agent/skillregistry/storage_memory.go:63.20,64.19 1 1
dev.helix.agent/skillregistry/storage_memory.go:65.10,65.10 0 1
dev.helix.agent/skillregistry/storage_memory.go:68.2,71.45 3 1
dev.helix.agent/skillregistry/storage_memory.go:71.45,73.3 1 1
dev.helix.agent/skillregistry/storage_memory.go:75.2,76.12 2 1
dev.helix.agent/skillregistry/storage_memory.go:79.71,80.9 1 1
dev.helix.agent/skillregistry/storage_memory.go:81.20,82.24 1 1
dev.helix.agent/skillregistry/storage_memory.go:83.10,83.10 0 1
dev.helix.agent/skillregistry/storage_memory.go:86.2,90.33 4 1
dev.helix.agent/skillregistry/storage_memory.go:90.33,93.3 2 1
dev.helix.agent/skillregistry/storage_memory.go:95.2,95.20 1 1
dev.helix.agent/skillregistry/storage_memory.go:98.85,99.9 1 1
dev.helix.agent/skillregistry/storage_memory.go:100.20,101.26 1 1
dev.helix.agent/skillregistry/storage_memory.go:102.10,102.10 0 1
dev.helix.agent/skillregistry/storage_memory.go:105.2,109.20 4 1
dev.helix.agent/skillregistry/storage_memory.go:112.39,117.2 3 1
dev.helix.agent/skillregistry/storage_memory.go:119.35,124.2 3 1
dev.helix.agent/skillregistry/storage_memory.go:126.68,131.33 4 1
dev.helix.agent/skillregistry/storage_memory.go:131.33,132.29 1 1
dev.helix.agent/skillregistry/storage_memory.go:132.29,135.4 2 1
dev.helix.agent/skillregistry/storage_memory.go:138.2,138.15 1 1
dev.helix.agent/skillregistry/storage_memory.go:141.74,146.33 4 1
dev.helix.agent/skillregistry/storage_memory.go:146.33,147.33 1 1
dev.helix.agent/skillregistry/storage_memory.go:147.33,150.4 2 1
dev.helix.agent/skillregistry/storage_memory.go:153.2,153.15 1 1
dev.helix.agent/skillregistry/storage_memory.go:156.57,161.33 4 1
dev.helix.agent/skillregistry/storage_memory.go:161.33,162.93 1 1
dev.helix.agent/skillregistry/storage_memory.go:162.93,165.4 2 1
dev.helix.agent/skillregistry/storage_memory.go:168.2,168.15 1 1
dev.helix.agent/skillregistry/storage_memory.go:171.54,176.29 4 1
dev.helix.agent/skillregistry/storage_memory.go:176.29,179.3 2 1
dev.helix.agent/skillregistry/storage_memory.go:181.2,181.15 1 1
dev.helix.agent/skillregistry/storage_postgres.go:78.74,79.23 1 0
dev.helix.agent/skillregistry/storage_postgres.go:79.23,81.3 1 0
dev.helix.agent/skillregistry/storage_postgres.go:82.2,82.22 1 0
dev.helix.agent/skillregistry/storage_postgres.go:82.22,84.3 1 0
dev.helix.agent/skillregistry/storage_postgres.go:85.2,85.27 1 0
dev.helix.agent/skillregistry/storage_postgres.go:85.27,87.3 1 0
dev.helix.agent/skillregistry/storage_postgres.go:88.2,88.26 1 0
dev.helix.agent/skillregistry/storage_postgres.go:88.26,90.3 1 0
dev.helix.agent/skillregistry/storage_postgres.go:92.2,96.16 3 0
dev.helix.agent/skillregistry/storage_postgres.go:96.16,98.3 1 0
dev.helix.agent/skillregistry/storage_postgres.go:100.2,107.44 6 0
dev.helix.agent/skillregistry/storage_postgres.go:107.44,109.3 1 0
dev.helix.agent/skillregistry/storage_postgres.go:111.2,116.45 2 0
dev.helix.agent/skillregistry/storage_postgres.go:116.45,118.3 1 0
dev.helix.agent/skillregistry/storage_postgres.go:120.2,120.21 1 0
dev.helix.agent/skillregistry/storage_postgres.go:123.46,127.65 3 0
dev.helix.agent/skillregistry/storage_postgres.go:127.65,129.3 1 0
dev.helix.agent/skillregistry/storage_postgres.go:131.2,131.12 1 0
dev.helix.agent/skillregistry/storage_postgres.go:134.73,135.18 1 0
dev.helix.agent/skillregistry/storage_postgres.go:135.18,137.3 1 0
dev.helix.agent/skillregistry/storage_postgres.go:139.2,140.16 2 0
dev.helix.agent/skillregistry/storage_postgres.go:140.16,142.3 1 0
dev.helix.agent/skillregistry/storage_postgres.go:144.2,145.16 2 0
dev.helix.agent/skillregistry/storage_postgres.go:145.16,147.3 1 0
dev.helix.agent/skillregistry/storage_postgres.go:149.2,150.16 2 0
dev.helix.agent/skillregistry/storage_postgres.go:150.16,152.3 1 0
dev.helix.agent/skillregistry/storage_postgres.go:154.2,155.16 2 0
dev.helix.agent/skillregistry/storage_postgres.go:155.16,157.3 1 0
dev.helix.agent/skillregistry/storage_postgres.go:159.2,177.16 2 0
dev.helix.agent/skillregistry/storage_postgres.go:177.16,179.3 1 0
dev.helix.agent/skillregistry/storage_postgres.go:181.2,181.12 1 0
dev.helix.agent/skillregistry/storage_postgres.go:184.84,188.2 2 0
dev.helix.agent/skillregistry/storage_postgres.go:190.77,192.16 2 0
dev.helix.agent/skillregistry/storage_postgres.go:192.16,194.3 1 0
dev.helix.agent/skillregistry/storage_postgres.go:196.2,197.16 2 0
dev.helix.agent/skillregistry/storage_postgres.go:197.16,199.3 1 0
dev.helix.agent/skillregistry/storage_postgres.go:201.2,201.23 1 0
dev.helix.agent/skillregistry/storage_postgres.go:201.23,203.3 1 0
dev.helix.agent/skillregistry/storage_postgres.go:205.2,205.12 1 0
dev.helix.agent/skillregistry/storage_postgres.go:208.71,210.16 2 0
dev.helix.agent/skillregistry/storage_postgres.go:210.16,212.3 1 0
dev.helix.agent/skillregistry/storage_postgres.go:213.2,216.18 3 0
dev.helix.agent/skillregistry/storage_postgres.go:216.18,218.17 2 0
dev.helix.agent/skillregistry/storage_postgres.go:218.17,220.4 1 0
dev.helix.agent/skillregistry/storage_postgres.go:221.3,221.33 1 0
dev.helix.agent/skillregistry/storage_postgres.go:224.2,224.35 1 0
dev.helix.agent/skillregistry/storage_postgres.go:224.35,226.3 1 0
dev.helix.agent/skillregistry/storage_postgres.go:228.2,228.20 1 0
dev.helix.agent/skillregistry/storage_postgres.go:231.85,234.16 3 0
dev.helix.agent/skillregistry/storage_postgres.go:234.16,236.3 1 0
dev.helix.agent/skillregistry/storage_postgres.go:238.2,238.20 1 0
dev.helix.agent/skillregistry/storage_postgres.go:241.107,263.26 4 0
dev.helix.agent/skillregistry/storage_postgres.go:263.26,265.3 1 0
dev.helix.agent/skillregistry/storage_postgres.go:266.2,266.16 1 0
dev.helix.agent/skillregistry/storage_postgres.go:266.16,268.3 1 0
dev.helix.agent/skillregistry/storage_postgres.go:270.2,270.27 1 0
dev.helix.agent/skillregistry/storage_postgres.go:270.27,272.3 1 0
dev.helix.agent/skillregistry/storage_postgres.go:273.2,273.23 1 0
dev.helix.agent/skillregistry/storage_postgres.go:273.23,275.3 1 0
dev.helix.agent/skillregistry/storage_postgres.go:276.2,276.27 1 0
dev.helix.agent/skillregistry/storage_postgres.go:276.27,278.3 1 0
dev.helix.agent/skillregistry/storage_postgres.go:279.2,279.29 1 0
dev.helix.agent/skillregistry/storage_postgres.go:279.29,281.3 1 0
dev.helix.agent/skillregistry/storage_postgres.go:283.2,283.20 1 0
dev.helix.agent/skillregistry/storage_postgres.go:286.41,288.2 1 0
dev.helix.agent/skillregistry/storage_postgres.go:290.66,292.2 1 0
dev.helix.agent/skillregistry/types.go:147.70,156.2 1 1
dev.helix.agent/skillregistry/types.go:158.63,167.2 1 1
dev.helix.agent/skillregistry/types.go:169.35,171.2 1 1
dev.helix.agent/skillregistry/types.go:173.38,176.24 3 1
dev.helix.agent/skillregistry/types.go:176.24,178.3 1 1
dev.helix.agent/skillregistry/types.go:179.2,179.23 1 1
dev.helix.agent/skillregistry/types.go:182.33,184.2 1 1
dev.helix.agent/skillregistry/types.go:186.49,187.31 1 1
dev.helix.agent/skillregistry/types.go:187.31,188.19 1 1
dev.helix.agent/skillregistry/types.go:188.19,190.4 1 1
dev.helix.agent/skillregistry/types.go:192.2,192.14 1 1
dev.helix.agent/skillregistry/types.go:195.41,196.27 1 1
dev.helix.agent/skillregistry/types.go:196.27,197.15 1 1
dev.helix.agent/skillregistry/types.go:197.15,199.4 1 1
dev.helix.agent/skillregistry/types.go:201.2,201.14 1 1
dev.helix.agent/skillregistry/types.go:204.44,205.53 1 1
dev.helix.agent/skillregistry/types.go:205.53,207.3 1 1
dev.helix.agent/skillregistry/types.go:208.2,208.25 1 1
dev.helix.agent/skillregistry/types.go:211.65,217.2 5 1
dev.helix.agent/skillregistry/types.go:219.53,225.2 5 1
dev.helix.agent/skillregistry/types.go:227.46,232.2 4 1
dev.helix.agent/skillregistry/types.go:234.48,240.2 5 1
dev.helix.agent/skillregistry/types.go:242.47,244.2 1 1
dev.helix.agent/skillregistry/types.go:246.50,247.54 1 1
dev.helix.agent/skillregistry/types.go:247.54,249.3 1 1
dev.helix.agent/skillregistry/types.go:250.2,250.48 1 1
dev.helix.agent/skillregistry/types.go:250.48,252.3 1 0
dev.helix.agent/skillregistry/types.go:253.2,253.53 1 1
dev.helix.agent/skillregistry/types.go:253.53,255.3 1 1
dev.helix.agent/skillregistry/types.go:256.2,256.21 1 1
dev.helix.agent/skillregistry/types.go:256.21,258.30 2 1
dev.helix.agent/skillregistry/types.go:258.30,259.25 1 1
dev.helix.agent/skillregistry/types.go:259.25,261.10 2 1
dev.helix.agent/skillregistry/types.go:264.3,264.14 1 1
dev.helix.agent/skillregistry/types.go:264.14,266.4 1 1
dev.helix.agent/skillregistry/types.go:268.2,268.25 1 1
dev.helix.agent/skillregistry/types.go:268.25,270.75 2 1
dev.helix.agent/skillregistry/types.go:270.75,272.4 1 1
dev.helix.agent/skillregistry/types.go:274.2,274.13 1 1
dev.helix.agent/skillregistry/types.go:277.38,280.2 1 1
dev.helix.agent/skillregistry/validator.go:19.42,23.2 1 1
dev.helix.agent/skillregistry/validator.go:25.50,30.2 1 1
dev.helix.agent/skillregistry/validator.go:32.61,33.18 1 1
dev.helix.agent/skillregistry/validator.go:33.18,35.3 1 1
dev.helix.agent/skillregistry/validator.go:37.2,37.57 1 1
dev.helix.agent/skillregistry/validator.go:37.57,39.3 1 1
dev.helix.agent/skillregistry/validator.go:41.2,41.48 1 1
dev.helix.agent/skillregistry/validator.go:41.48,43.3 1 1
dev.helix.agent/skillregistry/validator.go:45.2,45.52 1 1
dev.helix.agent/skillregistry/validator.go:45.52,47.3 1 1
dev.helix.agent/skillregistry/validator.go:49.2,49.66 1 1
dev.helix.agent/skillregistry/validator.go:49.66,51.3 1 1
dev.helix.agent/skillregistry/validator.go:53.2,53.58 1 1
dev.helix.agent/skillregistry/validator.go:53.58,55.3 1 1
dev.helix.agent/skillregistry/validator.go:57.2,57.60 1 1
dev.helix.agent/skillregistry/validator.go:57.60,59.3 1 1
dev.helix.agent/skillregistry/validator.go:61.2,61.60 1 1
dev.helix.agent/skillregistry/validator.go:61.60,63.3 1 1
dev.helix.agent/skillregistry/validator.go:65.2,65.52 1 1
dev.helix.agent/skillregistry/validator.go:65.52,67.3 1 1
dev.helix.agent/skillregistry/validator.go:69.2,69.29 1 1
dev.helix.agent/skillregistry/validator.go:69.29,70.65 1 1
dev.helix.agent/skillregistry/validator.go:70.65,72.4 1 0
dev.helix.agent/skillregistry/validator.go:75.2,75.12 1 1
dev.helix.agent/skillregistry/validator.go:78.70,79.39 1 1
dev.helix.agent/skillregistry/validator.go:79.39,81.3 1 1
dev.helix.agent/skillregistry/validator.go:83.2,83.41 1 1
dev.helix.agent/skillregistry/validator.go:83.41,85.3 1 1
dev.helix.agent/skillregistry/validator.go:87.2,87.48 1 1
dev.helix.agent/skillregistry/validator.go:87.48,89.3 1 1
dev.helix.agent/skillregistry/validator.go:91.2,91.12 1 1
dev.helix.agent/skillregistry/validator.go:94.55,95.34 1 1
dev.helix.agent/skillregistry/validator.go:95.34,97.3 1 1
dev.helix.agent/skillregistry/validator.go:99.2,100.30 2 1
dev.helix.agent/skillregistry/validator.go:100.30,102.3 1 1
dev.helix.agent/skillregistry/validator.go:104.2,104.12 1 1
dev.helix.agent/skillregistry/validator.go:107.59,108.38 1 1
dev.helix.agent/skillregistry/validator.go:108.38,110.3 1 1
dev.helix.agent/skillregistry/validator.go:112.2,112.12 1 1
dev.helix.agent/skillregistry/validator.go:115.66,116.40 1 1
dev.helix.agent/skillregistry/validator.go:116.40,118.3 1 1
dev.helix.agent/skillregistry/validator.go:120.2,120.12 1 1
dev.helix.agent/skillregistry/validator.go:123.65,124.19 1 1
dev.helix.agent/skillregistry/validator.go:124.19,126.3 1 1
dev.helix.agent/skillregistry/validator.go:128.2,129.41 2 1
dev.helix.agent/skillregistry/validator.go:129.41,131.3 1 1
dev.helix.agent/skillregistry/validator.go:133.2,133.12 1 1
dev.helix.agent/skillregistry/validator.go:136.74,137.20 1 1
dev.helix.agent/skillregistry/validator.go:137.20,139.3 1 1
dev.helix.agent/skillregistry/validator.go:141.2,151.40 2 1
dev.helix.agent/skillregistry/validator.go:151.40,152.24 1 1
dev.helix.agent/skillregistry/validator.go:152.24,154.4 1 1
dev.helix.agent/skillregistry/validator.go:157.2,157.75 1 1
dev.helix.agent/skillregistry/validator.go:160.69,161.35 1 1
dev.helix.agent/skillregistry/validator.go:161.35,162.39 1 1
dev.helix.agent/skillregistry/validator.go:162.39,164.4 1 1
dev.helix.agent/skillregistry/validator.go:165.3,165.25 1 1
dev.helix.agent/skillregistry/validator.go:165.25,167.4 1 1
dev.helix.agent/skillregistry/validator.go:170.2,170.12 1 1
dev.helix.agent/skillregistry/validator.go:173.61,174.27 1 1
dev.helix.agent/skillregistry/validator.go:174.27,175.35 1 1
dev.helix.agent/skillregistry/validator.go:175.35,177.4 1 1
dev.helix.agent/skillregistry/validator.go:178.3,178.20 1 1
dev.helix.agent/skillregistry/validator.go:178.20,180.4 1 1
dev.helix.agent/skillregistry/validator.go:183.2,183.12 1 1
dev.helix.agent/skillregistry/validator.go:186.74,187.16 1 1
dev.helix.agent/skillregistry/validator.go:187.16,189.3 1 1
dev.helix.agent/skillregistry/validator.go:191.2,191.62 1 1
dev.helix.agent/skillregistry/validator.go:191.62,193.3 1 0
dev.helix.agent/skillregistry/validator.go:195.2,195.56 1 1
dev.helix.agent/skillregistry/validator.go:195.56,197.3 1 0
dev.helix.agent/skillregistry/validator.go:199.2,199.12 1 1
dev.helix.agent/skillregistry/validator.go:202.77,205.31 2 1
dev.helix.agent/skillregistry/validator.go:205.31,206.42 1 1
dev.helix.agent/skillregistry/validator.go:206.42,208.4 1 1
dev.helix.agent/skillregistry/validator.go:210.3,210.29 1 1
dev.helix.agent/skillregistry/validator.go:210.29,212.4 1 1
dev.helix.agent/skillregistry/validator.go:213.3,217.32 4 1
dev.helix.agent/skillregistry/validator.go:217.32,218.23 1 1
dev.helix.agent/skillregistry/validator.go:218.23,220.10 2 1
dev.helix.agent/skillregistry/validator.go:223.3,223.39 1 1
dev.helix.agent/skillregistry/validator.go:223.39,225.4 1 1
dev.helix.agent/skillregistry/validator.go:228.2,228.12 1 1
dev.helix.agent/skillregistry/validator.go:231.72,233.2 1 1
dev.helix.agent/skillregistry/validator.go:235.108,236.72 1 1
dev.helix.agent/skillregistry/validator.go:236.72,238.3 1 1
dev.helix.agent/skillregistry/validator.go:240.2,242.54 2 1
dev.helix.agent/skillregistry/validator.go:242.54,243.43 1 1
dev.helix.agent/skillregistry/validator.go:243.43,245.4 1 1
dev.helix.agent/skillregistry/validator.go:248.2,248.116 1 1
dev.helix.agent/skillregistry/validator.go:248.116,250.3 1 0
dev.helix.agent/skillregistry/validator.go:252.2,252.12 1 1
dev.helix.agent/skillregistry/validator.go:255.39,258.2 2 1
dev.helix.agent/skillregistry/validator.go:260.123,261.23 1 1
dev.helix.agent/skillregistry/validator.go:261.23,263.3 1 1
dev.helix.agent/skillregistry/validator.go:265.2,265.25 1 1
dev.helix.agent/skillregistry/validator.go:265.25,267.3 1 1
dev.helix.agent/skillregistry/validator.go:269.2,272.35 3 1
dev.helix.agent/skillregistry/validator.go:272.35,273.55 1 1
dev.helix.agent/skillregistry/validator.go:273.55,275.14 2 1
dev.helix.agent/skillregistry/validator.go:275.14,277.5 1 1
dev.helix.agent/skillregistry/validator.go:279.4,280.34 2 1
dev.helix.agent/skillregistry/validator.go:280.34,282.5 1 1
dev.helix.agent/skillregistry/validator.go:283.4,283.74 1 1
dev.helix.agent/skillregistry/validator.go:283.74,285.5 1 1
dev.helix.agent/skillregistry/validator.go:289.2,289.37 1 1
dev.helix.agent/skillregistry/validator.go:289.37,291.13 2 1
dev.helix.agent/skillregistry/validator.go:291.13,293.4 1 0
dev.helix.agent/skillregistry/validator.go:295.3,296.33 2 1
dev.helix.agent/skillregistry/validator.go:296.33,298.4 1 1
dev.helix.agent/skillregistry/validator.go:299.3,299.73 1 1
dev.helix.agent/skillregistry/validator.go:299.73,301.4 1 0
dev.helix.agent/skillregistry/validator.go:304.2,307.12 3 1
dev.helix.agent/skillregistry/validator.go:310.64,313.31 2 1
dev.helix.agent/skillregistry/validator.go:313.31,314.49 1 1
dev.helix.agent/skillregistry/validator.go:314.49,316.4 1 1
dev.helix.agent/skillregistry/validator.go:319.2,319.21 1 1
dev.helix.agent/skillregistry/validator.go:319.21,321.3 1 1
dev.helix.agent/skillregistry/validator.go:323.2,323.12 1 1
